[19:56:13.790] [INFO] [36mInitializing Storybook[39m
[19:56:14.090] [DEBUG] Getting package.json info for C:/Users/edgar/OneDrive/Documentos/Status Scope/package.json...
[19:56:14.092] [DEBUG] Getting CLI versions from NPM for storybook...
[19:56:14.092] [DEBUG] Executing command: yarn info storybook version --json
[19:56:16.933] [INFO] Adding Storybook version 10.3.5 to your project
[19:56:16.936] [DEBUG] Project type detected: react
[19:56:16.936] [DEBUG] Using cached package.json for C:\Users\edgar\OneDrive\Documentos\Status Scope\package.json...
[19:56:16.942] [DEBUG] Using cached package.json for C:\Users\edgar\OneDrive\Documentos\Status Scope\package.json...
[19:56:16.943] [INFO] Framework detected: react-vite
[19:56:16.943] [DEBUG] Getting installed version for vitest...
[19:56:16.944] [DEBUG] Executing command: yarn list --pattern "vitest" --json --recursive vitest
[19:56:17.535] [DEBUG] Installed version for vitest: null
[19:56:17.535] [DEBUG] Getting installed version for msw...
[19:56:17.535] [DEBUG] Executing command: yarn list --pattern "msw" --json --recursive msw
[19:56:18.071] [DEBUG] Installed version for msw: null
[19:56:18.080] [DEBUG] Using cached package.json for C:\Users\edgar\OneDrive\Documentos\Status Scope\package.json...
[19:56:18.080] [DEBUG] Using cached package.json for C:\Users\edgar\OneDrive\Documentos\Status Scope\package.json...
[19:56:18.080] [DEBUG] Using cached package.json for C:\Users\edgar\OneDrive\Documentos\Status Scope\package.json...
[19:56:18.081] [INFO] - Configuring ESLint plugin
[19:56:18.082] [DEBUG] Detected flat config at C:\Users\edgar\OneDrive\Documentos\Status Scope\eslint.config.js
[19:56:18.114] [DEBUG] Using cached version for storybook...
[19:56:18.114] [DEBUG] Getting CLI versions from NPM for @storybook/react-vite...
[19:56:18.114] [DEBUG] Executing command: yarn info @storybook/react-vite version --json
[19:56:18.150] [DEBUG] Getting CLI versions from NPM for @chromatic-com/storybook...
[19:56:18.150] [DEBUG] Executing command: yarn info @chromatic-com/storybook version --json
[19:56:18.186] [DEBUG] Getting CLI versions from NPM for @storybook/addon-vitest...
[19:56:18.186] [DEBUG] Executing command: yarn info @storybook/addon-vitest version --json
[19:56:18.245] [DEBUG] Getting CLI versions from NPM for @storybook/addon-a11y...
[19:56:18.245] [DEBUG] Executing command: yarn info @storybook/addon-a11y version --json
[19:56:18.319] [DEBUG] Getting CLI versions from NPM for @storybook/addon-docs...
[19:56:18.319] [DEBUG] Executing command: yarn info @storybook/addon-docs version --json
[19:56:18.395] [DEBUG] Getting CLI versions from NPM for @storybook/addon-onboarding...
[19:56:18.395] [DEBUG] Executing command: yarn info @storybook/addon-onboarding version --json
[19:56:18.467] [DEBUG] Getting CLI versions from NPM for prop-types...
[19:56:18.467] [DEBUG] Executing command: yarn info prop-types version --json
[19:56:18.553] [DEBUG] Getting CLI versions from NPM for eslint-plugin-storybook...
[19:56:18.553] [DEBUG] Executing command: yarn info eslint-plugin-storybook version --json
[19:56:22.575] [INFO] - Configuring main.js
[19:56:22.577] [INFO] - Configuring preview.js
[19:56:22.581] [INFO] - Adding Storybook command to package.json
[19:56:22.583] [DEBUG] Getting package.json info for C:/Users/edgar/OneDrive/Documentos/Status Scope/package.json...
[19:56:22.583] [DEBUG] Using cached package.json for C:\Users\edgar\OneDrive\Documentos\Status Scope\package.json...
[19:56:22.583] [DEBUG] Using cached package.json for C:\Users\edgar\OneDrive\Documentos\Status Scope\package.json...
[19:56:22.584] [INFO] - Copying framework templates
[19:56:22.662] [DEBUG] Executing command: yarn config get registry
[19:56:24.223] [INFO] Storybook configuration generated
[19:56:24.225] [DEBUG] Using cached package.json for C:\Users\edgar\OneDrive\Documentos\Status Scope\package.json...
[19:56:24.225] [DEBUG] Using cached installed version for vitest...
[19:56:24.225] [DEBUG] Getting installed version for @vitest/coverage-v8...
[19:56:24.225] [DEBUG] Executing command: yarn list --pattern "@vitest/coverage-v8" --json --recursive @vitest/coverage-v8
[19:56:24.861] [DEBUG] Installed version for @vitest/coverage-v8: null
[19:56:24.861] [DEBUG] Getting installed version for @vitest/coverage-istanbul...
[19:56:24.861] [DEBUG] Executing command: yarn list --pattern "@vitest/coverage-istanbul" --json --recursive @vitest/coverage-istanbul
[19:56:25.435] [DEBUG] Installed version for @vitest/coverage-istanbul: null
[19:56:25.436] [INFO] Adding devDependencies:
- storybook@^10.3.5
- @storybook/react-vite@^10.3.5
- @chromatic-com/storybook@^5.1.2
- @storybook/addon-vitest@^10.3.5
- @storybook/addon-a11y@^10.3.5
- @storybook/addon-docs@^10.3.5
- @storybook/addon-onboarding@^10.3.5
- prop-types@^15.8.1
- eslint-plugin-storybook@^10.3.5
- vitest
- playwright
- @vitest/browser-playwright
- @vitest/coverage-v8
[19:56:25.437] [DEBUG] Using cached package.json for C:\Users\edgar\OneDrive\Documentos\Status Scope\package.json...
[19:56:25.437] [DEBUG] Using cached version for storybook...
[19:56:25.437] [DEBUG] Using cached version for @storybook/react-vite...
[19:56:25.437] [DEBUG] Using cached version for @chromatic-com/storybook...
[19:56:25.437] [DEBUG] Using cached version for @storybook/addon-vitest...
[19:56:25.437] [DEBUG] Using cached version for @storybook/addon-a11y...
[19:56:25.437] [DEBUG] Using cached version for @storybook/addon-docs...
[19:56:25.437] [DEBUG] Using cached version for @storybook/addon-onboarding...
[19:56:25.438] [DEBUG] Using cached version for prop-types...
[19:56:25.438] [DEBUG] Using cached version for eslint-plugin-storybook...
[19:56:25.438] [DEBUG] Getting CLI versions from NPM for vitest...
[19:56:25.438] [DEBUG] Executing command: yarn info vitest version --json
[19:56:28.229] [DEBUG] Getting CLI versions from NPM for playwright...
[19:56:28.229] [DEBUG] Executing command: yarn info playwright version --json
[19:56:31.338] [DEBUG] Getting CLI versions from NPM for @vitest/browser-playwright...
[19:56:31.338] [DEBUG] Executing command: yarn info @vitest/browser-playwright version --json
[19:56:32.815] [DEBUG] Getting CLI versions from NPM for @vitest/coverage-v8...
[19:56:32.815] [DEBUG] Executing command: yarn info @vitest/coverage-v8 version --json
[19:56:34.686] [DEBUG] Using cached package.json for C:\Users\edgar\OneDrive\Documentos\Status Scope\package.json...
[19:56:34.687] [INFO] Dependencies added to package.json
[19:56:34.688] [INFO] Installing dependencies...
[19:56:34.688] [INFO] Installing dependencies...
[19:56:34.689] [DEBUG] Executing command: yarn install --ignore-workspace-root-check
[19:56:35.035] [INFO] Installing dependencies...: yarn install v1.22.22

[19:56:35.035] [INFO] Installing dependencies...: yarn install v1.22.22
[19:56:35.109] [INFO] Installing dependencies...: [1/4] Resolving packages...

[19:56:35.109] [INFO] Installing dependencies...: [1/4] Resolving packages.
[19:57:04.227] [INFO] Installing dependencies...: [2/4] Fetching packages...

[19:57:04.227] [INFO] Installing dependencies...: [2/4] Fetching packages..
[19:57:16.865] [INFO] Installing dependencies...: [3/4] Linking dependencies...

[19:57:16.865] [INFO] Installing dependencies...: [3/4] Linking dependencie
[19:57:26.016] [INFO] Installing dependencies...: [4/4] Building fresh packages...

[19:57:26.016] [INFO] Installing dependencies...: [4/4] Building fresh pack
[19:57:26.874] [INFO] Installing dependencies...: success Saved lockfile.

[19:57:26.874] [INFO] Installing dependencies...: success Saved lockfile.
[19:57:26.889] [INFO] Installing dependencies...: Done in 51.88s.

[19:57:26.889] [INFO] Installing dependencies...: Done in 51.88s.
[19:57:27.009] [INFO] Dependencies installed
[19:57:27.009] [INFO] Dependencies installed
[19:57:27.014] [INFO] Configuring @chromatic-com/storybook...
[19:57:27.019] [INFO] @chromatic-com/storybook configured

[19:57:27.020] [INFO] Configuring @storybook/addon-vitest...
[19:57:27.026] [DEBUG] Getting package.json info for C:/Users/edgar/OneDrive/Documentos/Status Scope/package.json...
[19:57:27.026] [DEBUG] Using cached package.json for C:\Users\edgar\OneDrive\Documentos\Status Scope\package.json...
[19:57:27.026] [DEBUG] Getting installed version for vitest...
[19:57:27.026] [DEBUG] Executing command: yarn list --pattern "vitest" --json --recursive vitest
[19:57:27.931] [DEBUG] Installed version for vitest: 4.1.4
[19:57:27.932] [DEBUG] Vitest version specifier: 4.1.4
[19:57:28.150] [DEBUG] Using cached installed version for vitest...
[19:57:28.151] [DEBUG] Getting installed version for msw...
[19:57:28.151] [DEBUG] Executing command: yarn list --pattern "msw" --json --recursive msw
[19:57:29.136] [DEBUG] Installed version for msw: null
[19:57:29.178] [INFO] Updating your Vite config file:
[19:57:29.178] [INFO]   C:\Users\edgar\OneDrive\Documentos\Status Scope\vite.config.js
[19:57:29.202] [INFO] Setting up a11y addon for @storybook/addon-vitest
[19:57:29.202] [INFO] Setting up a11y addon for @storybook/addon-vitest
[19:57:29.202] [DEBUG] Executing command: npx storybook@10.3.5 automigrate addon-a11y-addon-test --loglevel silent --yes --skip-doctor --package-manager yarn1 --skip-install
[19:58:12.925] [INFO] a11y addon setup successfully
[19:58:12.925] [INFO] [32ma11y addon setup successfully[39m
[19:58:12.926] [INFO] [32m@storybook/addon-vitest setup completed successfully[39m
[19:58:12.927] [INFO] @storybook/addon-vitest is now configured and you're ready to run your tests!
Here are a couple of tips to get you started:

• You can run tests with "[36mnpx vitest --project=storybook[39m"
• Vitest IDE extension shows all stories as tests in your editor!

Check the documentation for more information about its features and options at:
https://storybook.js.org/docs/next/writing-tests/integrations/vitest-addon
[19:58:12.934] [INFO] @storybook/addon-vitest configured

[19:58:12.934] [INFO] Configuring @storybook/addon-a11y...
[19:58:12.935] [DEBUG] Executing command: npx storybook@10.3.5 automigrate addon-a11y-addon-test --loglevel silent --skip-doctor --yes --package-manager yarn1 --config-dir .storybook
[19:58:20.936] [INFO] @storybook/addon-a11y configured

[19:58:20.936] [INFO] Configuring @storybook/addon-docs...
[19:58:20.942] [INFO] @storybook/addon-docs configured

[19:58:20.942] [INFO] Configuring @storybook/addon-onboarding...
[19:58:20.945] [INFO] @storybook/addon-onboarding configured

[19:58:20.946] [INFO] Addons configured successfully
[19:58:20.946] [INFO] [2m✅ @chromatic-com/storybook[22m
[19:58:20.946] [INFO] [2m✅ @storybook/addon-vitest[22m
[19:58:20.947] [INFO] [2m✅ @storybook/addon-a11y[22m
[19:58:20.947] [INFO] [2m✅ @storybook/addon-docs[22m
[19:58:20.947] [INFO] [2m✅ @storybook/addon-onboarding[22m
[19:58:20.947] [INFO] Installing Playwright browser binaries (press "c" to abort)
[19:58:20.947] [INFO] Installing Playwright browser binaries (press "c" to abort)
[19:58:20.948] [DEBUG] Executing command: yarn exec playwright -- install chromium --with-deps
[19:58:21.314] [INFO] Installing Playwright browser binaries (press "c" to abort): yarn exec v1.22.22

[19:58:21.314] [INFO] Installing Playwright browser binaries (press "c" to abort): yarn exec v1.22.22
[19:58:21.434] [INFO] Installing Playwright browser binaries (press "c" to abort): info Visit https://yarnpkg.com/en/docs/cli/exec for documentation about this command.

[19:58:21.434] [INFO] Installing Playwright browser binaries (press "c" to abort): info Visit https://yarnpk
[19:58:21.483] [ERROR] An error occurred while installing Playwright browser binaries. Please run the following command later: yarn exec playwright -- install chromium --with-deps {"error":"ExecaError: Command failed with exit code 1: yarn.cmd exec playwright -- install chromium --with-deps\n\nerror Couldn't find the binary playwright\n\nyarn exec v1.22.22\ninfo Visit https://yarnpkg.com/en/docs/cli/exec for documentation about this command.\n    at getFinalError (file:///C:/Users/edgar/AppData/Local/npm-cache/_npx/ac6065c87c5c24ee/node_modules/storybook/dist/_node-chunks/chunk-GOY6UMCB.js:13112:10)\n    at makeError (file:///C:/Users/edgar/AppData/Local/npm-cache/_npx/ac6065c87c5c24ee/node_modules/storybook/dist/_node-chunks/chunk-GOY6UMCB.js:14648:15)\n    at getAsyncResult (file:///C:/Users/edgar/AppData/Local/npm-cache/_npx/ac6065c87c5c24ee/node_modules/storybook/dist/_node-chunks/chunk-GOY6UMCB.js:17294:158)\n    at handlePromise (file:///C:/Users/edgar/AppData/Local/npm-cache/_npx/ac6065c87c5c24ee/node_modules/storybook/dist/_node-chunks/chunk-GOY6UMCB.js:17280:162)\n    at process.processTicksAndRejections (node:internal/process/task_queues:104:5)\n    at async Object.executeTaskWithSpinner (file:///C:/Users/edgar/AppData/Local/npm-cache/_npx/ac6065c87c5c24ee/node_modules/storybook/dist/_node-chunks/chunk-CHOXZXZB.js:3683:11)\n    at async AddonVitestService.installPlaywright (file:///C:/Users/edgar/AppData/Local/npm-cache/_npx/ac6065c87c5c24ee/node_modules/storybook/dist/_node-chunks/chunk-QTYBYUH2.js:5858:17)\n    at async AddonConfigurationCommand.execute (file:///C:/Users/edgar/AppData/Local/npm-cache/_npx/ac6065c87c5c24ee/node_modules/create-storybook/dist/_node-chunks/chunk-5VDIKOHD.js:2015:26)\n    at async doInitiate (file:///C:/Users/edgar/AppData/Local/npm-cache/_npx/ac6065c87c5c24ee/node_modules/create-storybook/dist/_node-chunks/chunk-5VDIKOHD.js:2900:38)\n    at async file:///C:/Users/edgar/AppData/Local/npm-cache/_npx/ac6065c87c5c24ee/node_modules/create-storybook/dist/_node-chunks/chunk-5VDIKOHD.js:2928:20"}
[19:58:21.483] [ERROR] [31mAn error occurred while installing Playwright browser binaries. Please run the following command later: yarn exec playwright -- install chromium --with-deps[39m
[19:58:21.486] [INFO] Storybook collects completely anonymous usage telemetry. We use it to shape Storybook's roadmap and prioritize features. You can learn more, including how to opt out, at https://storybook.js.org/telemetry
[19:58:23.323] [WARN] Storybook setup completed, but some non-blocking errors occurred. Please check the log file below for details.
[19:58:23.324] [INFO] To run Storybook manually, run [36myarn storybook[39m. CTRL+C to stop.
[19:58:23.324] [INFO] Want to learn more about Storybook? [36mhttps://storybook.js.org/[39m
Having trouble or want to chat? [36mhttps://discord.gg/storybook/[39m